[2024-11-15 02:01:29] [INFO] Starting installation process
[2024-11-15 02:01:29] [INFO] Installation path: X:\scripts\tools\logging
[2024-11-15 02:01:29] [INFO] Log file: X:\scripts\tools\logging\logs\install_2024-11-15_02-01-29\install.log
[2024-11-15 02:01:29] [DEBUG] Checking PowerShell version
[2024-11-15 02:01:29] [DEBUG] PowerShell Core verified: 7.4.6
[2024-11-15 02:01:29] [DEBUG] Checking module: Pester (>= 5.0.0)
[2024-11-15 02:01:29] [DEBUG] Importing module: Pester
[2024-11-15 02:01:30] [DEBUG] Checking module: PSScriptAnalyzer (>= 1.20.0)
[2024-11-15 02:01:30] [DEBUG] Importing module: PSScriptAnalyzer
[2024-11-15 02:01:30] [DEBUG] Skip file copy: True
[2024-11-15 02:01:30] [DEBUG] Checking directory: logs
[2024-11-15 02:01:30] [DEBUG] Checking directory: Tests
[2024-11-15 02:01:30] [DEBUG] Checking directory: docs
[2024-11-15 02:01:30] [INFO] Running PSScriptAnalyzer...
[2024-11-15 02:01:30] [DEBUG] Analyzing file: Execute-WithLogging.ps1
[2024-11-15 02:01:31] [DEBUG] Analyzing file: Install-LoggingSystem.ps1
[2024-11-15 02:01:33] [DEBUG] Analyzing file: LogAnalyzer.ps1
[2024-11-15 02:01:34] [DEBUG] Analyzing file: LogArchiver.ps1
[2024-11-15 02:01:35] [DEBUG] Analyzing file: logger.ps1
[2024-11-15 02:01:36] [INFO] PSScriptAnalyzer: All files pass analysis.
[2024-11-15 02:01:36] [INFO] Running Pester tests...
[2024-11-15 02:01:36] [DEBUG] Configuring Pester
[2024-11-15 02:01:36] [DEBUG] Starting Pester tests
